TN:
SF:src/app.ts
FN:13,(anonymous_1)
FN:22,(anonymous_2)
FNF:2
FNH:1
FNDA:0,(anonymous_1)
FNDA:2,(anonymous_2)
DA:1,1
DA:2,1
DA:3,1
DA:4,1
DA:6,1
DA:7,1
DA:9,1
DA:10,1
DA:11,1
DA:13,1
DA:14,0
DA:22,1
DA:23,2
DA:24,0
DA:26,2
DA:27,1
DA:29,2
DA:30,1
DA:34,1
DA:38,1
LF:20
LH:18
BRDA:23,0,0,0
BRDA:26,1,0,1
BRDA:29,2,0,1
BRDA:29,2,1,1
BRF:4
BRH:3
end_of_record
TN:
SF:src/dbConnection.js
FN:2,(anonymous_0)
FN:3,adopt
FN:3,(anonymous_2)
FN:4,(anonymous_3)
FN:5,fulfilled
FN:6,rejected
FN:7,step
FN:11,(anonymous_7)
FN:12,(anonymous_8)
FN:13,(anonymous_9)
FN:14,verb
FN:14,(anonymous_11)
FN:15,step
FN:58,(anonymous_13)
FN:58,(anonymous_14)
FN:60,(anonymous_15)
FNF:16
FNH:13
FNDA:11,(anonymous_0)
FNDA:11,adopt
FNDA:0,(anonymous_2)
FNDA:11,(anonymous_3)
FNDA:11,fulfilled
FNDA:0,rejected
FNDA:22,step
FNDA:11,(anonymous_7)
FNDA:11,(anonymous_8)
FNDA:0,(anonymous_9)
FNDA:33,verb
FNDA:22,(anonymous_11)
FNDA:22,step
FNDA:11,(anonymous_13)
FNDA:11,(anonymous_14)
FNDA:22,(anonymous_15)
DA:2,1
DA:3,11
DA:4,11
DA:5,11
DA:6,0
DA:7,22
DA:8,11
DA:11,1
DA:12,11
DA:13,11
DA:14,33
DA:16,22
DA:17,55
DA:18,55
DA:19,55
DA:20,55
DA:21,22
DA:22,11
DA:23,0
DA:24,0
DA:26,22
DA:27,11
DA:28,11
DA:29,11
DA:30,11
DA:31,11
DA:33,22
DA:34,55
DA:35,11
DA:38,1
DA:39,1
DA:40,1
DA:41,1
DA:42,1
DA:43,1
DA:45,1
DA:46,0
DA:49,1
DA:51,1
DA:58,11
DA:60,11
DA:61,22
DA:63,11
DA:64,11
DA:66,11
DA:67,11
DA:68,11
DA:69,11
DA:71,0
DA:72,0
DA:73,0
DA:74,0
DA:75,0
DA:79,1
LF:54
LH:45
BRDA:2,0,0,1
BRDA:2,0,1,1
BRDA:2,0,2,1
BRDA:3,1,0,11
BRDA:3,1,1,0
BRDA:4,2,0,11
BRDA:4,2,1,11
BRDA:7,3,0,11
BRDA:7,3,1,11
BRDA:8,4,0,11
BRDA:8,4,1,11
BRDA:11,5,0,1
BRDA:11,5,1,1
BRDA:11,5,2,1
BRDA:12,6,0,0
BRDA:12,6,1,11
BRDA:13,7,0,11
BRDA:13,7,1,11
BRDA:16,8,0,0
BRDA:16,8,1,22
BRDA:17,9,0,66
BRDA:17,9,1,11
BRDA:17,10,0,11
BRDA:17,10,1,0
BRDA:18,11,0,0
BRDA:18,11,1,55
BRDA:18,12,0,55
BRDA:18,12,1,0
BRDA:18,12,2,0
BRDA:18,13,0,0
BRDA:18,13,1,0
BRDA:18,14,0,0
BRDA:18,14,1,0
BRDA:18,15,0,0
BRDA:18,15,1,0
BRDA:18,16,0,0
BRDA:18,16,1,0
BRDA:19,17,0,0
BRDA:19,17,1,55
BRDA:20,18,0,22
BRDA:20,18,1,22
BRDA:20,18,2,11
BRDA:20,18,3,0
BRDA:20,18,4,0
BRDA:20,18,5,22
BRDA:26,19,0,11
BRDA:26,19,1,11
BRDA:26,20,0,22
BRDA:26,20,1,11
BRDA:26,20,2,11
BRDA:26,21,0,22
BRDA:26,21,1,11
BRDA:27,22,0,0
BRDA:27,22,1,11
BRDA:27,23,0,11
BRDA:27,23,1,0
BRDA:27,23,2,0
BRDA:27,23,3,0
BRDA:28,24,0,0
BRDA:28,24,1,11
BRDA:28,25,0,11
BRDA:28,25,1,0
BRDA:29,26,0,0
BRDA:29,26,1,11
BRDA:29,27,0,11
BRDA:29,27,1,11
BRDA:30,28,0,0
BRDA:30,28,1,11
BRDA:35,29,0,0
BRDA:35,29,1,11
BRDA:35,30,0,11
BRDA:35,30,1,0
BRDA:45,31,0,0
BRDA:45,31,1,1
BRDA:61,32,0,11
BRDA:61,32,1,11
BRDA:61,32,2,0
BRDA:61,32,3,0
BRF:78
BRH:47
end_of_record
TN:
SF:src/seed.js
FN:2,(anonymous_0)
FN:3,adopt
FN:3,(anonymous_2)
FN:4,(anonymous_3)
FN:5,fulfilled
FN:6,rejected
FN:7,step
FN:11,(anonymous_7)
FN:12,(anonymous_8)
FN:13,(anonymous_9)
FN:14,verb
FN:14,(anonymous_11)
FN:15,step
FN:44,(anonymous_13)
FN:44,(anonymous_14)
FN:46,(anonymous_15)
FNF:16
FNH:13
FNDA:4,(anonymous_0)
FNDA:20,adopt
FNDA:0,(anonymous_2)
FNDA:4,(anonymous_3)
FNDA:20,fulfilled
FNDA:0,rejected
FNDA:24,step
FNDA:4,(anonymous_7)
FNDA:20,(anonymous_8)
FNDA:0,(anonymous_9)
FNDA:12,verb
FNDA:24,(anonymous_11)
FNDA:24,step
FNDA:4,(anonymous_13)
FNDA:4,(anonymous_14)
FNDA:24,(anonymous_15)
DA:2,1
DA:3,20
DA:4,4
DA:5,20
DA:6,0
DA:7,24
DA:8,4
DA:11,1
DA:12,20
DA:13,4
DA:14,24
DA:16,24
DA:17,48
DA:18,48
DA:19,48
DA:20,48
DA:21,24
DA:22,20
DA:23,0
DA:24,0
DA:26,4
DA:27,0
DA:28,0
DA:29,0
DA:30,0
DA:31,0
DA:33,24
DA:34,48
DA:35,4
DA:38,1
DA:39,1
DA:40,1
DA:41,1
DA:42,1
DA:43,1
DA:44,4
DA:46,4
DA:47,24
DA:48,4
DA:50,4
DA:51,4
DA:52,4
DA:54,4
DA:55,4
DA:56,4
DA:57,4
DA:58,4
DA:59,4
DA:60,4
DA:62,4
DA:63,4
DA:65,4
DA:66,4
DA:68,4
DA:69,4
DA:70,4
DA:74,1
LF:57
LH:49
BRDA:2,0,0,1
BRDA:2,0,1,1
BRDA:2,0,2,1
BRDA:3,1,0,20
BRDA:3,1,1,0
BRDA:4,2,0,4
BRDA:4,2,1,4
BRDA:7,3,0,4
BRDA:7,3,1,20
BRDA:8,4,0,4
BRDA:8,4,1,4
BRDA:11,5,0,1
BRDA:11,5,1,1
BRDA:11,5,2,1
BRDA:12,6,0,0
BRDA:12,6,1,20
BRDA:13,7,0,4
BRDA:13,7,1,4
BRDA:16,8,0,0
BRDA:16,8,1,24
BRDA:17,9,0,52
BRDA:17,9,1,4
BRDA:17,10,0,4
BRDA:17,10,1,0
BRDA:18,11,0,0
BRDA:18,11,1,48
BRDA:18,12,0,48
BRDA:18,12,1,0
BRDA:18,12,2,0
BRDA:18,13,0,0
BRDA:18,13,1,0
BRDA:18,14,0,0
BRDA:18,14,1,0
BRDA:18,15,0,0
BRDA:18,15,1,0
BRDA:18,16,0,0
BRDA:18,16,1,0
BRDA:19,17,0,0
BRDA:19,17,1,48
BRDA:20,18,0,24
BRDA:20,18,1,24
BRDA:20,18,2,20
BRDA:20,18,3,0
BRDA:20,18,4,0
BRDA:20,18,5,4
BRDA:26,19,0,4
BRDA:26,19,1,0
BRDA:26,20,0,4
BRDA:26,20,1,4
BRDA:26,20,2,4
BRDA:26,21,0,4
BRDA:26,21,1,0
BRDA:27,22,0,0
BRDA:27,22,1,0
BRDA:27,23,0,0
BRDA:27,23,1,0
BRDA:27,23,2,0
BRDA:27,23,3,0
BRDA:28,24,0,0
BRDA:28,24,1,0
BRDA:28,25,0,0
BRDA:28,25,1,0
BRDA:29,26,0,0
BRDA:29,26,1,0
BRDA:29,27,0,0
BRDA:29,27,1,0
BRDA:30,28,0,0
BRDA:30,28,1,0
BRDA:35,29,0,0
BRDA:35,29,1,4
BRDA:35,30,0,4
BRDA:35,30,1,0
BRDA:47,31,0,4
BRDA:47,31,1,4
BRDA:47,31,2,4
BRDA:47,31,3,4
BRDA:47,31,4,4
BRDA:47,31,5,4
BRF:78
BRH:40
end_of_record
TN:
SF:src/controllers/orders-controllers.ts
FN:4,(anonymous_7)
FN:4,(anonymous_8)
FN:15,(anonymous_9)
FN:15,(anonymous_10)
FN:32,(anonymous_11)
FN:36,(anonymous_12)
FNF:6
FNH:2
FNDA:3,(anonymous_7)
FNDA:3,(anonymous_8)
FNDA:0,(anonymous_9)
FNDA:0,(anonymous_10)
FNDA:0,(anonymous_11)
FNDA:0,(anonymous_12)
DA:2,1
DA:4,3
DA:5,3
DA:6,3
DA:7,3
DA:9,1
DA:11,2
DA:15,1
DA:16,0
DA:17,0
DA:19,0
DA:25,0
DA:27,0
DA:29,0
DA:32,1
DA:36,0
DA:37,0
DA:38,0
DA:39,0
DA:41,0
DA:43,0
LF:21
LH:9
BRDA:20,0,0,0
BRDA:20,0,1,0
BRDA:21,1,0,0
BRDA:21,1,1,0
BRDA:22,2,0,0
BRDA:22,2,1,0
BRF:6
BRH:0
end_of_record
TN:
SF:src/controllers/shops-controllers.ts
FN:12,(anonymous_7)
FN:16,(anonymous_8)
FN:24,(anonymous_9)
FN:28,(anonymous_10)
FN:38,(anonymous_11)
FN:42,(anonymous_12)
FN:52,(anonymous_13)
FN:56,(anonymous_14)
FN:65,(anonymous_15)
FN:69,(anonymous_16)
FN:80,(anonymous_17)
FN:84,(anonymous_18)
FN:93,(anonymous_19)
FN:97,(anonymous_20)
FNF:14
FNH:0
FNDA:0,(anonymous_7)
FNDA:0,(anonymous_8)
FNDA:0,(anonymous_9)
FNDA:0,(anonymous_10)
FNDA:0,(anonymous_11)
FNDA:0,(anonymous_12)
FNDA:0,(anonymous_13)
FNDA:0,(anonymous_14)
FNDA:0,(anonymous_15)
FNDA:0,(anonymous_16)
FNDA:0,(anonymous_17)
FNDA:0,(anonymous_18)
FNDA:0,(anonymous_19)
FNDA:0,(anonymous_20)
DA:2,1
DA:12,1
DA:16,0
DA:17,0
DA:18,0
DA:19,0
DA:21,0
DA:24,1
DA:28,0
DA:29,0
DA:30,0
DA:31,0
DA:33,0
DA:35,0
DA:38,1
DA:42,0
DA:43,0
DA:44,0
DA:46,0
DA:47,0
DA:49,0
DA:52,1
DA:56,0
DA:57,0
DA:58,0
DA:59,0
DA:60,0
DA:62,0
DA:65,1
DA:69,0
DA:70,0
DA:71,0
DA:72,0
DA:74,0
DA:76,0
DA:80,1
DA:84,0
DA:85,0
DA:86,0
DA:87,0
DA:88,0
DA:90,0
DA:93,1
DA:97,0
DA:98,0
DA:99,0
DA:100,0
DA:102,0
LF:48
LH:8
BRF:0
BRH:0
end_of_record
TN:
SF:src/controllers/users-controllers.ts
FN:11,(anonymous_7)
FN:15,(anonymous_8)
FN:23,(anonymous_9)
FN:27,(anonymous_10)
FN:37,(anonymous_11)
FN:41,(anonymous_12)
FN:51,(anonymous_13)
FN:55,(anonymous_14)
FN:65,(anonymous_15)
FN:69,(anonymous_16)
FN:79,(anonymous_17)
FN:83,(anonymous_18)
FNF:12
FNH:0
FNDA:0,(anonymous_7)
FNDA:0,(anonymous_8)
FNDA:0,(anonymous_9)
FNDA:0,(anonymous_10)
FNDA:0,(anonymous_11)
FNDA:0,(anonymous_12)
FNDA:0,(anonymous_13)
FNDA:0,(anonymous_14)
FNDA:0,(anonymous_15)
FNDA:0,(anonymous_16)
FNDA:0,(anonymous_17)
FNDA:0,(anonymous_18)
DA:2,1
DA:11,1
DA:15,0
DA:16,0
DA:17,0
DA:18,0
DA:20,0
DA:23,1
DA:27,0
DA:28,0
DA:29,0
DA:30,0
DA:32,0
DA:34,0
DA:37,1
DA:41,0
DA:42,0
DA:43,0
DA:44,0
DA:46,0
DA:48,0
DA:51,1
DA:55,0
DA:56,0
DA:57,0
DA:59,0
DA:60,0
DA:62,0
DA:65,1
DA:69,0
DA:70,0
DA:71,0
DA:72,0
DA:73,0
DA:75,0
DA:79,1
DA:83,0
DA:84,0
DA:85,0
DA:86,0
DA:88,0
DA:90,0
LF:42
LH:7
BRF:0
BRH:0
end_of_record
TN:
SF:src/models/orders-models.ts
FN:7,(anonymous_7)
FN:35,(anonymous_8)
FN:35,(anonymous_9)
FN:58,(anonymous_10)
FN:78,(anonymous_11)
FN:78,(anonymous_12)
FN:97,(anonymous_13)
FN:97,(anonymous_14)
FNF:8
FNH:4
FNDA:1,(anonymous_7)
FNDA:3,(anonymous_8)
FNDA:3,(anonymous_9)
FNDA:1,(anonymous_10)
FNDA:0,(anonymous_11)
FNDA:0,(anonymous_12)
FNDA:0,(anonymous_13)
FNDA:0,(anonymous_14)
DA:1,1
DA:7,1
DA:8,1
DA:9,1
DA:10,1
DA:11,1
DA:35,3
DA:36,3
DA:37,3
DA:38,1
DA:43,2
DA:44,2
DA:45,0
DA:51,2
DA:52,2
DA:53,2
DA:55,2
DA:56,1
DA:58,1
DA:59,1
DA:62,1
DA:67,1
DA:73,1
DA:75,0
DA:78,1
DA:79,0
DA:81,0
DA:82,0
DA:85,0
DA:86,0
DA:89,0
DA:90,0
DA:93,0
DA:95,0
DA:97,1
DA:98,0
DA:100,0
DA:101,0
DA:106,0
DA:107,0
DA:108,0
DA:113,0
DA:116,0
LF:43
LH:24
BRDA:37,0,0,1
BRDA:37,1,0,3
BRDA:37,1,1,3
BRDA:37,1,2,3
BRDA:44,2,0,0
BRDA:44,3,0,2
BRDA:44,3,1,2
BRDA:44,3,2,2
BRDA:55,4,0,1
BRDA:55,5,0,2
BRDA:55,5,1,1
BRDA:78,6,0,0
BRDA:81,7,0,0
BRDA:85,8,0,0
BRDA:89,9,0,0
BRDA:107,10,0,0
BRDA:107,10,1,0
BRF:17
BRH:10
end_of_record
TN:
SF:src/models/shops-models.ts
FN:4,(anonymous_7)
FN:8,(anonymous_8)
FN:8,(anonymous_9)
FN:24,(anonymous_10)
FN:24,(anonymous_11)
FN:50,(anonymous_12)
FN:50,(anonymous_13)
FN:65,(anonymous_14)
FN:65,(anonymous_15)
FN:76,(anonymous_16)
FN:76,(anonymous_17)
FN:100,(anonymous_18)
FN:100,(anonymous_19)
FN:124,(anonymous_20)
FN:124,(anonymous_21)
FN:126,(anonymous_22)
FNF:16
FNH:1
FNDA:1,(anonymous_7)
FNDA:0,(anonymous_8)
FNDA:0,(anonymous_9)
FNDA:0,(anonymous_10)
FNDA:0,(anonymous_11)
FNDA:0,(anonymous_12)
FNDA:0,(anonymous_13)
FNDA:0,(anonymous_14)
FNDA:0,(anonymous_15)
FNDA:0,(anonymous_16)
FNDA:0,(anonymous_17)
FNDA:0,(anonymous_18)
FNDA:0,(anonymous_19)
FNDA:0,(anonymous_20)
FNDA:0,(anonymous_21)
FNDA:0,(anonymous_22)
DA:1,1
DA:4,1
DA:5,1
DA:8,1
DA:9,0
DA:11,0
DA:24,1
DA:25,0
DA:26,0
DA:36,0
DA:38,0
DA:39,0
DA:44,0
DA:46,0
DA:50,1
DA:51,0
DA:55,0
DA:56,0
DA:61,0
DA:65,1
DA:66,0
DA:67,0
DA:68,0
DA:73,0
DA:76,1
DA:77,0
DA:78,0
DA:79,0
DA:87,0
DA:88,0
DA:93,0
DA:96,0
DA:100,1
DA:101,0
DA:103,0
DA:104,0
DA:112,0
DA:113,0
DA:118,0
DA:121,0
DA:124,1
DA:125,0
DA:126,0
DA:127,0
DA:129,0
DA:136,0
DA:139,0
LF:47
LH:10
BRDA:38,0,0,0
BRDA:55,1,0,0
BRDA:55,1,1,0
BRDA:67,2,0,0
BRDA:67,2,1,0
BRDA:87,3,0,0
BRDA:87,3,1,0
BRDA:112,4,0,0
BRDA:112,4,1,0
BRF:9
BRH:0
end_of_record
TN:
SF:src/models/users-models.ts
FN:4,(anonymous_7)
FN:8,(anonymous_8)
FN:8,(anonymous_9)
FN:20,(anonymous_10)
FN:20,(anonymous_11)
FN:41,(anonymous_12)
FN:41,(anonymous_13)
FN:62,(anonymous_14)
FN:62,(anonymous_15)
FN:73,(anonymous_16)
FN:73,(anonymous_17)
FN:84,(anonymous_18)
FN:84,(anonymous_19)
FNF:13
FNH:1
FNDA:1,(anonymous_7)
FNDA:0,(anonymous_8)
FNDA:0,(anonymous_9)
FNDA:0,(anonymous_10)
FNDA:0,(anonymous_11)
FNDA:0,(anonymous_12)
FNDA:0,(anonymous_13)
FNDA:0,(anonymous_14)
FNDA:0,(anonymous_15)
FNDA:0,(anonymous_16)
FNDA:0,(anonymous_17)
FNDA:0,(anonymous_18)
FNDA:0,(anonymous_19)
DA:1,1
DA:4,1
DA:5,1
DA:8,1
DA:9,0
DA:11,0
DA:20,1
DA:21,0
DA:22,0
DA:29,0
DA:31,0
DA:32,0
DA:35,0
DA:37,0
DA:41,1
DA:42,0
DA:43,0
DA:50,0
DA:51,0
DA:56,0
DA:59,0
DA:62,1
DA:63,0
DA:64,0
DA:65,0
DA:70,0
DA:73,1
DA:74,0
DA:75,0
DA:76,0
DA:81,0
DA:84,1
DA:85,0
DA:86,0
DA:87,0
DA:95,0
DA:96,0
DA:101,0
DA:104,0
LF:39
LH:9
BRDA:31,0,0,0
BRDA:50,1,0,0
BRDA:50,1,1,0
BRDA:64,2,0,0
BRDA:64,2,1,0
BRDA:75,3,0,0
BRDA:75,3,1,0
BRDA:95,4,0,0
BRDA:95,4,1,0
BRF:9
BRH:0
end_of_record
TN:
SF:src/routes/orders.routes.ts
FN:9,(anonymous_0)
FNF:1
FNH:1
FNDA:1,(anonymous_0)
DA:1,1
DA:3,1
DA:4,1
DA:6,1
DA:9,1
DA:10,1
DA:13,1
DA:14,1
DA:15,1
DA:17,1
LF:10
LH:10
BRF:0
BRH:0
end_of_record
TN:
SF:src/routes/shops.routes.ts
FN:16,(anonymous_0)
FNF:1
FNH:1
FNDA:1,(anonymous_0)
DA:1,1
DA:3,1
DA:4,1
DA:13,1
DA:16,1
DA:17,1
DA:20,1
DA:21,1
DA:22,1
DA:23,1
DA:24,1
DA:25,1
DA:26,1
DA:28,1
LF:14
LH:14
BRF:0
BRH:0
end_of_record
TN:
SF:src/routes/users.routes.ts
FN:15,(anonymous_0)
FNF:1
FNH:1
FNDA:1,(anonymous_0)
DA:1,1
DA:3,1
DA:4,1
DA:12,1
DA:15,1
DA:16,1
DA:18,1
DA:35,1
DA:36,1
DA:37,1
DA:38,1
DA:39,1
DA:41,1
LF:13
LH:13
BRF:0
BRH:0
end_of_record
TN:
SF:src/test_data/ordersData.js
FNF:0
FNH:0
DA:2,1
DA:3,1
DA:4,1
LF:3
LH:3
BRF:0
BRH:0
end_of_record
TN:
SF:src/test_data/shopData.js
FNF:0
FNH:0
DA:2,1
DA:3,1
DA:4,1
LF:3
LH:3
BRF:0
BRH:0
end_of_record
TN:
SF:src/test_data/userData.js
FNF:0
FNH:0
DA:2,1
DA:3,1
DA:4,1
LF:3
LH:3
BRF:0
BRH:0
end_of_record
