TN:
SF:src/app.ts
FN:11,(anonymous_1)
FN:18,(anonymous_2)
FNF:2
FNH:2
FNDA:1,(anonymous_1)
FNDA:1,(anonymous_2)
DA:1,1
DA:2,1
DA:3,1
DA:5,1
DA:6,1
DA:8,1
DA:9,1
DA:11,1
DA:12,1
DA:18,1
DA:20,1
DA:21,1
DA:25,0
DA:29,1
LF:14
LH:13
BRDA:20,0,0,1
BRDA:20,0,1,0
BRF:2
BRH:1
end_of_record
TN:
SF:src/dbConnection.js
FN:2,(anonymous_0)
FN:3,adopt
FN:3,(anonymous_2)
FN:4,(anonymous_3)
FN:5,fulfilled
FN:6,rejected
FN:7,step
FN:11,(anonymous_7)
FN:12,(anonymous_8)
FN:13,(anonymous_9)
FN:14,verb
FN:14,(anonymous_11)
FN:15,step
FN:42,(anonymous_13)
FN:42,(anonymous_14)
FN:44,(anonymous_15)
FNF:16
FNH:13
FNDA:10,(anonymous_0)
FNDA:10,adopt
FNDA:0,(anonymous_2)
FNDA:10,(anonymous_3)
FNDA:10,fulfilled
FNDA:0,rejected
FNDA:20,step
FNDA:10,(anonymous_7)
FNDA:10,(anonymous_8)
FNDA:0,(anonymous_9)
FNDA:30,verb
FNDA:20,(anonymous_11)
FNDA:20,step
FNDA:10,(anonymous_13)
FNDA:10,(anonymous_14)
FNDA:20,(anonymous_15)
DA:2,1
DA:3,10
DA:4,10
DA:5,10
DA:6,0
DA:7,20
DA:8,10
DA:11,1
DA:12,10
DA:13,10
DA:14,30
DA:16,20
DA:17,50
DA:18,50
DA:19,50
DA:20,50
DA:21,20
DA:22,10
DA:23,0
DA:24,0
DA:26,20
DA:27,10
DA:28,10
DA:29,10
DA:30,10
DA:31,10
DA:33,20
DA:34,50
DA:35,10
DA:38,1
DA:39,1
DA:40,1
DA:41,1
DA:42,10
DA:44,10
DA:45,20
DA:47,10
DA:48,10
DA:50,10
DA:51,10
DA:53,0
DA:54,0
DA:55,0
DA:56,0
DA:57,0
DA:61,1
LF:46
LH:38
BRDA:2,0,0,1
BRDA:2,0,1,1
BRDA:2,0,2,1
BRDA:3,1,0,10
BRDA:3,1,1,0
BRDA:4,2,0,10
BRDA:4,2,1,10
BRDA:7,3,0,10
BRDA:7,3,1,10
BRDA:8,4,0,10
BRDA:8,4,1,10
BRDA:11,5,0,1
BRDA:11,5,1,1
BRDA:11,5,2,1
BRDA:12,6,0,0
BRDA:12,6,1,10
BRDA:13,7,0,10
BRDA:13,7,1,10
BRDA:16,8,0,0
BRDA:16,8,1,20
BRDA:17,9,0,60
BRDA:17,9,1,10
BRDA:17,10,0,10
BRDA:17,10,1,0
BRDA:18,11,0,0
BRDA:18,11,1,50
BRDA:18,12,0,50
BRDA:18,12,1,0
BRDA:18,12,2,0
BRDA:18,13,0,0
BRDA:18,13,1,0
BRDA:18,14,0,0
BRDA:18,14,1,0
BRDA:18,15,0,0
BRDA:18,15,1,0
BRDA:18,16,0,0
BRDA:18,16,1,0
BRDA:19,17,0,0
BRDA:19,17,1,50
BRDA:20,18,0,20
BRDA:20,18,1,20
BRDA:20,18,2,10
BRDA:20,18,3,0
BRDA:20,18,4,0
BRDA:20,18,5,20
BRDA:26,19,0,10
BRDA:26,19,1,10
BRDA:26,20,0,20
BRDA:26,20,1,10
BRDA:26,20,2,10
BRDA:26,21,0,20
BRDA:26,21,1,10
BRDA:27,22,0,0
BRDA:27,22,1,10
BRDA:27,23,0,10
BRDA:27,23,1,0
BRDA:27,23,2,0
BRDA:27,23,3,0
BRDA:28,24,0,0
BRDA:28,24,1,10
BRDA:28,25,0,10
BRDA:28,25,1,0
BRDA:29,26,0,0
BRDA:29,26,1,10
BRDA:29,27,0,10
BRDA:29,27,1,10
BRDA:30,28,0,0
BRDA:30,28,1,10
BRDA:35,29,0,0
BRDA:35,29,1,10
BRDA:35,30,0,10
BRDA:35,30,1,0
BRDA:45,31,0,10
BRDA:45,31,1,10
BRDA:45,31,2,0
BRDA:45,31,3,0
BRF:76
BRH:46
end_of_record
TN:
SF:src/seed.js
FN:2,(anonymous_0)
FN:3,adopt
FN:3,(anonymous_2)
FN:4,(anonymous_3)
FN:5,fulfilled
FN:6,rejected
FN:7,step
FN:11,(anonymous_7)
FN:12,(anonymous_8)
FN:13,(anonymous_9)
FN:14,verb
FN:14,(anonymous_11)
FN:15,step
FN:44,(anonymous_13)
FN:44,(anonymous_14)
FN:46,(anonymous_15)
FNF:16
FNH:13
FNDA:5,(anonymous_0)
FNDA:25,adopt
FNDA:0,(anonymous_2)
FNDA:5,(anonymous_3)
FNDA:25,fulfilled
FNDA:0,rejected
FNDA:30,step
FNDA:5,(anonymous_7)
FNDA:25,(anonymous_8)
FNDA:0,(anonymous_9)
FNDA:15,verb
FNDA:30,(anonymous_11)
FNDA:30,step
FNDA:5,(anonymous_13)
FNDA:5,(anonymous_14)
FNDA:30,(anonymous_15)
DA:2,1
DA:3,25
DA:4,5
DA:5,25
DA:6,0
DA:7,30
DA:8,5
DA:11,1
DA:12,25
DA:13,5
DA:14,30
DA:16,30
DA:17,60
DA:18,60
DA:19,60
DA:20,60
DA:21,30
DA:22,25
DA:23,0
DA:24,0
DA:26,5
DA:27,0
DA:28,0
DA:29,0
DA:30,0
DA:31,0
DA:33,30
DA:34,60
DA:35,5
DA:38,1
DA:39,1
DA:40,1
DA:41,1
DA:42,1
DA:43,1
DA:44,5
DA:46,5
DA:47,30
DA:48,5
DA:50,5
DA:51,5
DA:52,5
DA:54,5
DA:55,5
DA:56,5
DA:57,5
DA:58,5
DA:59,5
DA:60,5
DA:62,5
DA:63,5
DA:65,5
DA:66,5
DA:68,5
DA:69,5
DA:70,5
DA:74,1
LF:57
LH:49
BRDA:2,0,0,1
BRDA:2,0,1,1
BRDA:2,0,2,1
BRDA:3,1,0,25
BRDA:3,1,1,0
BRDA:4,2,0,5
BRDA:4,2,1,5
BRDA:7,3,0,5
BRDA:7,3,1,25
BRDA:8,4,0,5
BRDA:8,4,1,5
BRDA:11,5,0,1
BRDA:11,5,1,1
BRDA:11,5,2,1
BRDA:12,6,0,0
BRDA:12,6,1,25
BRDA:13,7,0,5
BRDA:13,7,1,5
BRDA:16,8,0,0
BRDA:16,8,1,30
BRDA:17,9,0,65
BRDA:17,9,1,5
BRDA:17,10,0,5
BRDA:17,10,1,0
BRDA:18,11,0,0
BRDA:18,11,1,60
BRDA:18,12,0,60
BRDA:18,12,1,0
BRDA:18,12,2,0
BRDA:18,13,0,0
BRDA:18,13,1,0
BRDA:18,14,0,0
BRDA:18,14,1,0
BRDA:18,15,0,0
BRDA:18,15,1,0
BRDA:18,16,0,0
BRDA:18,16,1,0
BRDA:19,17,0,0
BRDA:19,17,1,60
BRDA:20,18,0,30
BRDA:20,18,1,30
BRDA:20,18,2,25
BRDA:20,18,3,0
BRDA:20,18,4,0
BRDA:20,18,5,5
BRDA:26,19,0,5
BRDA:26,19,1,0
BRDA:26,20,0,5
BRDA:26,20,1,5
BRDA:26,20,2,5
BRDA:26,21,0,5
BRDA:26,21,1,0
BRDA:27,22,0,0
BRDA:27,22,1,0
BRDA:27,23,0,0
BRDA:27,23,1,0
BRDA:27,23,2,0
BRDA:27,23,3,0
BRDA:28,24,0,0
BRDA:28,24,1,0
BRDA:28,25,0,0
BRDA:28,25,1,0
BRDA:29,26,0,0
BRDA:29,26,1,0
BRDA:29,27,0,0
BRDA:29,27,1,0
BRDA:30,28,0,0
BRDA:30,28,1,0
BRDA:35,29,0,0
BRDA:35,29,1,5
BRDA:35,30,0,5
BRDA:35,30,1,0
BRDA:47,31,0,5
BRDA:47,31,1,5
BRDA:47,31,2,5
BRDA:47,31,3,5
BRDA:47,31,4,5
BRDA:47,31,5,5
BRF:78
BRH:40
end_of_record
TN:
SF:src/controllers/shops-controllers.ts
FN:4,(anonymous_7)
FN:4,(anonymous_8)
FN:12,(anonymous_9)
FN:12,(anonymous_10)
FNF:4
FNH:0
FNDA:0,(anonymous_7)
FNDA:0,(anonymous_8)
FNDA:0,(anonymous_9)
FNDA:0,(anonymous_10)
DA:2,1
DA:4,1
DA:5,0
DA:6,0
DA:7,0
DA:9,0
DA:12,1
DA:13,0
DA:14,0
DA:15,0
DA:17,0
DA:20,0
LF:12
LH:3
BRF:0
BRH:0
end_of_record
TN:
SF:src/controllers/users-controllers.ts
FN:4,(anonymous_7)
FN:4,(anonymous_8)
FN:12,(anonymous_9)
FN:12,(anonymous_10)
FNF:4
FNH:4
FNDA:1,(anonymous_7)
FNDA:1,(anonymous_8)
FNDA:3,(anonymous_9)
FNDA:3,(anonymous_10)
DA:2,1
DA:4,1
DA:5,1
DA:6,1
DA:7,1
DA:9,0
DA:12,3
DA:13,3
DA:14,3
DA:15,3
DA:17,2
DA:20,1
LF:12
LH:11
BRF:0
BRH:0
end_of_record
TN:
SF:src/models/shops-models.ts
FN:4,(anonymous_7)
FN:8,(anonymous_8)
FN:8,(anonymous_9)
FN:23,(anonymous_10)
FN:23,(anonymous_11)
FNF:5
FNH:1
FNDA:1,(anonymous_7)
FNDA:0,(anonymous_8)
FNDA:0,(anonymous_9)
FNDA:0,(anonymous_10)
FNDA:0,(anonymous_11)
DA:1,1
DA:4,1
DA:5,1
DA:8,1
DA:9,0
DA:11,0
DA:23,1
DA:24,0
DA:25,0
DA:37,0
DA:39,0
LF:11
LH:5
BRF:0
BRH:0
end_of_record
TN:
SF:src/models/users-models.ts
FN:4,(anonymous_7)
FN:8,(anonymous_8)
FN:8,(anonymous_9)
FN:20,(anonymous_10)
FN:20,(anonymous_11)
FNF:5
FNH:5
FNDA:1,(anonymous_7)
FNDA:1,(anonymous_8)
FNDA:1,(anonymous_9)
FNDA:3,(anonymous_10)
FNDA:3,(anonymous_11)
DA:1,1
DA:4,1
DA:5,1
DA:8,1
DA:9,1
DA:11,1
DA:20,3
DA:21,3
DA:22,3
DA:30,2
DA:32,1
LF:11
LH:11
BRF:0
BRH:0
end_of_record
TN:
SF:src/routes/shops.routes.ts
FN:8,(anonymous_0)
FNF:1
FNH:1
FNDA:1,(anonymous_0)
DA:1,1
DA:3,1
DA:4,1
DA:5,1
DA:8,1
DA:9,1
DA:12,1
DA:13,1
DA:15,1
LF:9
LH:9
BRF:0
BRH:0
end_of_record
TN:
SF:src/routes/users.routes.ts
FN:8,(anonymous_7)
FN:12,(anonymous_8)
FN:12,(anonymous_9)
FNF:3
FNH:1
FNDA:1,(anonymous_7)
FNDA:0,(anonymous_8)
FNDA:0,(anonymous_9)
DA:1,1
DA:3,1
DA:4,1
DA:5,1
DA:8,1
DA:9,1
DA:11,1
DA:12,1
DA:13,0
DA:14,0
DA:16,0
DA:20,0
DA:23,0
DA:28,1
DA:30,1
LF:15
LH:10
BRF:0
BRH:0
end_of_record
TN:
SF:src/test_data/ordersData.js
FNF:0
FNH:0
DA:2,1
DA:3,1
DA:4,1
LF:3
LH:3
BRF:0
BRH:0
end_of_record
TN:
SF:src/test_data/shopData.js
FNF:0
FNH:0
DA:2,1
DA:3,1
DA:4,1
LF:3
LH:3
BRF:0
BRH:0
end_of_record
TN:
SF:src/test_data/userData.js
FNF:0
FNH:0
DA:2,1
DA:3,1
DA:4,1
LF:3
LH:3
BRF:0
BRH:0
end_of_record
